phppUt0Q0
group1/M00/00/0D/a5eUXFr__9OAMhriAACUtpJcaqw9902294
phpaYK7qK
jpeg
png
jpeg
jpeg
jpeg
/tmp/phpl8fk4Z
application/octet-stream
phpC17E.tmp
/tmp/phpVTz25h
application/octet-stream
php2xK6N7
/tmp/phpOf5GeM
application/octet-stream
phpYTOE02
/tmp/php2WYKV8
application/octet-stream
phpeX9VoO
/tmp/phpv7Y7uB
application/octet-stream
phpq7vVPe
/tmp/phpJ2X0kn
application/octet-stream
phpBh7oNY
{"name":"\/tmp\/php8c2Woo","mime":"application\/octet-stream","postname":"phpiALZUi"}
{"name":"\/tmp\/phpQgSD3B","mime":"application\/octet-stream","postname":"php88D1.tmp"}
